Build started 9/15/2015 8:57:44 PM.
     1>Project "C:\Users\Andy\Desktop\Programs\C ++\Projects\rocket_evolution\sim_V1.1\sim_V1.1.vcxproj" on node 2 (Build target(s)).
     1>ClCompile:
         C:\Program Files (x86)\Microsoft Visual Studio 11.0\VC\bin\CL.exe /c /ZI /nologo /W3 /WX- /Od /Oy- /D _MBCS /Gm /EHsc /RTC1 /MDd /GS /fp:precise /Zc:wchar_t /Zc:forScope /Fo"Debug\\" /Fd"Debug\vc110.pdb" /Gd /TP /analyze- /errorReport:prompt Source.cpp
         Source.cpp
     1>c:\users\andy\desktop\programs\c ++\projects\rocket_evolution\sim_v1.1\source.cpp(13): warning C4305: 'initializing' : truncation from 'double' to 'const float'
     1>c:\users\andy\desktop\programs\c ++\projects\rocket_evolution\sim_v1.1\source.cpp(14): warning C4305: 'initializing' : truncation from 'double' to 'const float'
     1>c:\users\andy\desktop\programs\c ++\projects\rocket_evolution\sim_v1.1\source.cpp(19): warning C4305: 'initializing' : truncation from 'double' to 'const float'
     1>c:\users\andy\desktop\programs\c ++\projects\rocket_evolution\sim_v1.1\source.cpp(20): warning C4305: 'initializing' : truncation from 'double' to 'const float'
     1>c:\users\andy\desktop\programs\c ++\projects\rocket_evolution\sim_v1.1\source.cpp(21): warning C4305: 'initializing' : truncation from 'double' to 'const float'
     1>c:\users\andy\desktop\programs\c ++\projects\rocket_evolution\sim_v1.1\source.cpp(26): warning C4305: 'initializing' : truncation from 'double' to 'const float'
     1>c:\users\andy\desktop\programs\c ++\projects\rocket_evolution\sim_v1.1\source.cpp(156): warning C4244: 'initializing' : conversion from 'int' to 'float', possible loss of data
     1>c:\users\andy\desktop\programs\c ++\projects\rocket_evolution\sim_v1.1\source.cpp(157): warning C4244: 'initializing' : conversion from 'int' to 'float', possible loss of data
     1>c:\users\andy\desktop\programs\c ++\projects\rocket_evolution\sim_v1.1\source.cpp(158): warning C4244: 'initializing' : conversion from 'double' to 'float', possible loss of data
     1>c:\users\andy\desktop\programs\c ++\projects\rocket_evolution\sim_v1.1\source.cpp(161): warning C4244: '=' : conversion from 'const int' to 'float', possible loss of data
     1>c:\users\andy\desktop\programs\c ++\projects\rocket_evolution\sim_v1.1\source.cpp(162): warning C4244: '=' : conversion from 'double' to 'float', possible loss of data
     1>c:\users\andy\desktop\programs\c ++\projects\rocket_evolution\sim_v1.1\source.cpp(198): warning C4244: 'initializing' : conversion from 'double' to 'float', possible loss of data
     1>c:\users\andy\desktop\programs\c ++\projects\rocket_evolution\sim_v1.1\source.cpp(200): warning C4244: 'return' : conversion from 'double' to 'float', possible loss of data
     1>c:\users\andy\desktop\programs\c ++\projects\rocket_evolution\sim_v1.1\source.cpp(353): warning C4244: 'initializing' : conversion from 'double' to 'float', possible loss of data
     1>c:\users\andy\desktop\programs\c ++\projects\rocket_evolution\sim_v1.1\source.cpp(469): warning C4244: 'argument' : conversion from 'int' to 'float', possible loss of data
     1>c:\users\andy\desktop\programs\c ++\projects\rocket_evolution\sim_v1.1\source.cpp(491): warning C4244: 'return' : conversion from 'double' to 'float', possible loss of data
     1>c:\users\andy\desktop\programs\c ++\projects\rocket_evolution\sim_v1.1\source.cpp(499): warning C4244: 'argument' : conversion from 'time_t' to 'unsigned int', possible loss of data
       Link:
         C:\Program Files (x86)\Microsoft Visual Studio 11.0\VC\bin\link.exe /ERRORREPORT:PROMPT /OUT:"C:\Users\Andy\Desktop\Programs\C ++\Projects\rocket_evolution\sim_V1.1\Debug\sim_V1.1.exe" /INCREMENTAL /NOLOGO kernel32.lib user32.lib gdi32.lib winspool.lib comdlg32.lib advapi32.lib shell32.lib ole32.lib oleaut32.lib uuid.lib odbc32.lib odbccp32.lib /MANIFEST /MANIFESTUAC:"level='asInvoker' uiAccess='false'" /manifest:embed /DEBUG /PDB:"C:\Users\Andy\Desktop\Programs\C ++\Projects\rocket_evolution\sim_V1.1\Debug\sim_V1.1.pdb" /TLBID:1 /DYNAMICBASE /NXCOMPAT /IMPLIB:"C:\Users\Andy\Desktop\Programs\C ++\Projects\rocket_evolution\sim_V1.1\Debug\sim_V1.1.lib" /MACHINE:X86 Debug\Source.obj
         sim_V1.1.vcxproj -> C:\Users\Andy\Desktop\Programs\C ++\Projects\rocket_evolution\sim_V1.1\Debug\sim_V1.1.exe
     1>Done Building Project "C:\Users\Andy\Desktop\Programs\C ++\Projects\rocket_evolution\sim_V1.1\sim_V1.1.vcxproj" (Build target(s)).

Build succeeded.

Time Elapsed 00:00:01.17
